15:44:49.636 general_logger INFO ===========================================
15:44:49.636 general_logger INFO Запись начата.
15:44:49.636 general_logger INFO ===========================================
15:44:49.636 general_logger DEBUG Перечисление кодов ошибок:
15:44:49.636 general_logger DEBUG 0=OK;1=File not found.;2=Not enough permissions in file system.;3=Inconsistent configuration.;4=Incorrect config value.;5=Incorrect report file extenson;255=General error.
15:44:49.637 general_logger DEBUG Включено масштабирование высокого разрешения.
15:44:49.637 general_logger DEBUG Используются пиксельные карты высокого разрешения.
15:44:49.646 general_logger INFO Инициализирован экзеспляр приложения.
15:44:49.647 general_logger DEBUG Настроен перехват внутренних событий PyQt.
15:44:49.647 general_logger INFO Поиск файла конфигурации...
15:44:49.647 general_logger INFO Файл конфигурации обнаружен.
15:44:49.647 general_logger DEBUG Загрузка конфигурации...
15:44:49.647 general_logger DEBUG Файл конфигурации загружен.
15:44:49.647 general_logger DEBUG Чтение конфигурации...
15:44:49.647 general_logger INFO Конфигурация загружена.
15:44:49.647 general_logger INFO Поиск файла базы данных...
15:44:49.647 general_logger INFO Файл базы данных обнаружен.
15:44:49.647 general_logger DEBUG Открытие файла базы...
15:44:49.648 general_logger DEBUG Чтение базы данных...
15:44:49.651 general_logger DEBUG file=D:\Project\YL1\__build\sql\get_datatables_from_db.sql
15:44:49.651 general_logger DEBUG Запрос к базе...
15:44:49.651 general_logger DEBUG Готовится SQL-запрос...
15:44:49.651 general_logger DEBUG SQL:SELECT 
    name
FROM 
    sqlite_schema
WHERE 
    type ='table' AND 
    name NOT LIKE 'sqlite_%';
15:44:49.651 general_logger DEBUG (('name', None, None, None, None, None, None),)
15:44:49.651 general_logger DEBUG Запрос вернул 3 кортежей.
15:44:49.651 general_logger DEBUG Запрос выполнен.
15:44:49.651 general_logger DEBUG Анализ структуры базы...
15:44:49.651 general_logger DEBUG Таблицы базы соответствуют схеме.
15:44:49.654 general_logger DEBUG file=D:\Project\YL1\__build\sql\get_columns_from_table_template.sql
15:44:49.654 general_logger DEBUG Запрос к базе...
15:44:49.655 general_logger DEBUG Готовится SQL-запрос...
15:44:49.655 general_logger DEBUG SQL:PRAGMA table_info('Actions_log');
15:44:49.655 general_logger DEBUG (('cid', None, None, None, None, None, None), ('name', None, None, None, None, None, None), ('type', None, None, None, None, None, None), ('notnull', None, None, None, None, None, None), ('dflt_value', None, None, None, None, None, None), ('pk', None, None, None, None, None, None))
15:44:49.655 general_logger DEBUG Запрос вернул 6 кортежей.
15:44:49.655 general_logger DEBUG Запрос выполнен.
15:44:49.655 general_logger DEBUG Анализ структуры таблицы Actions_log...
15:44:49.655 general_logger DEBUG Таблица Actions_log структурирована верно.
15:44:49.655 general_logger DEBUG Запрос к базе...
15:44:49.655 general_logger DEBUG Готовится SQL-запрос...
15:44:49.655 general_logger DEBUG SQL:PRAGMA table_info('Categories');
15:44:49.655 general_logger DEBUG (('cid', None, None, None, None, None, None), ('name', None, None, None, None, None, None), ('type', None, None, None, None, None, None), ('notnull', None, None, None, None, None, None), ('dflt_value', None, None, None, None, None, None), ('pk', None, None, None, None, None, None))
15:44:49.655 general_logger DEBUG Запрос вернул 2 кортежей.
15:44:49.655 general_logger DEBUG Запрос выполнен.
15:44:49.655 general_logger DEBUG Анализ структуры таблицы Categories...
15:44:49.655 general_logger DEBUG Таблица Categories структурирована верно.
15:44:49.655 general_logger DEBUG Запрос к базе...
15:44:49.655 general_logger DEBUG Готовится SQL-запрос...
15:44:49.655 general_logger DEBUG SQL:PRAGMA table_info('Operations');
15:44:49.655 general_logger DEBUG (('cid', None, None, None, None, None, None), ('name', None, None, None, None, None, None), ('type', None, None, None, None, None, None), ('notnull', None, None, None, None, None, None), ('dflt_value', None, None, None, None, None, None), ('pk', None, None, None, None, None, None))
15:44:49.655 general_logger DEBUG Запрос вернул 1 кортежей.
15:44:49.655 general_logger DEBUG Запрос выполнен.
15:44:49.655 general_logger DEBUG Анализ структуры таблицы Operations...
15:44:49.655 general_logger DEBUG Таблица Operations структурирована верно.
15:44:49.655 general_logger DEBUG Все таблицы структурированы верно.
15:44:49.655 general_logger INFO База данных загружена.
15:44:49.655 general_logger INFO Инициализация главной формы приложения...
15:44:49.656 general_logger DEBUG Создан экземпляр #1874174824160-<class 'forms.main_form_form.MainFormIf'>
15:44:49.799 general_logger DEBUG Инициализация формы настроек.
15:44:49.799 general_logger DEBUG Создан экземпляр #1874174833520-<class 'forms.settings_form_form.SettingsFormIf'>
15:44:49.807 general_logger DEBUG Настройки программы загружены в форму конфигурации.
15:44:49.807 general_logger DEBUG Форма настроек приложения инициализирована.
15:44:49.807 general_logger DEBUG Создан экземпляр #1874175591184-<class 'forms.edit_fields_form_form.EditFieldsFormIf'>
15:44:49.808 general_logger INFO Поиск SQL-скрипта..
15:44:49.808 general_logger DEBUG path=D:\Project\YL1\__build\sql\get_all_operations.sql
15:44:49.808 general_logger INFO SQL-скрипт обнаружен.
15:44:49.808 general_logger INFO Исполнение SQL-скрипта базы данных..
15:44:49.811 general_logger DEBUG Готовится SQL-запрос...
15:44:49.811 general_logger DEBUG SQL:SELECT 
    op_name
FROM 
    Operations;

15:44:49.811 general_logger DEBUG (('op_name', None, None, None, None, None, None),)
15:44:49.811 general_logger DEBUG Запрос вернул 2 кортежей.
15:44:49.811 general_logger INFO SQL-скрипт выполнен.
15:44:49.811 general_logger DEBUG Форма редактирования служебных полей приложения инициализирована.
15:44:49.811 general_logger DEBUG Загрузка последних записей.
15:44:49.811 general_logger INFO Поиск SQL-скрипта..
15:44:49.811 general_logger DEBUG path=D:\Project\YL1\__build\sql\get_all_operations.sql
15:44:49.811 general_logger INFO SQL-скрипт обнаружен.
15:44:49.811 general_logger INFO Исполнение SQL-скрипта базы данных..
15:44:49.811 general_logger DEBUG Готовится SQL-запрос...
15:44:49.811 general_logger DEBUG SQL:SELECT 
    op_name
FROM 
    Operations;

15:44:49.811 general_logger DEBUG (('op_name', None, None, None, None, None, None),)
15:44:49.811 general_logger DEBUG Запрос вернул 2 кортежей.
15:44:49.811 general_logger INFO SQL-скрипт выполнен.
15:44:49.811 general_logger INFO Поиск SQL-скрипта..
15:44:49.811 general_logger DEBUG path=D:\Project\YL1\__build\sql\get_cats_of_operation.sql
15:44:49.811 general_logger INFO SQL-скрипт обнаружен.
15:44:49.811 general_logger INFO Исполнение SQL-скрипта базы данных..
15:44:49.814 general_logger DEBUG Готовится SQL-запрос...
15:44:49.814 general_logger DEBUG SQL:SELECT 
    cat_name
FROM 
    Categories
WHERE
    optype = ?;

15:44:49.814 general_logger DEBUG (('cat_name', None, None, None, None, None, None),)
15:44:49.814 general_logger DEBUG Запрос вернул 9 кортежей.
15:44:49.814 general_logger INFO Поиск SQL-скрипта..
15:44:49.814 general_logger DEBUG path=D:\Project\YL1\__build\sql\get_first_x_actions.sql
15:44:49.814 general_logger INFO SQL-скрипт обнаружен.
15:44:49.814 general_logger INFO Исполнение SQL-скрипта базы данных..
15:44:49.816 general_logger DEBUG Готовится SQL-запрос...
15:44:49.816 general_logger DEBUG SQL:SELECT 
    id, action_datetime, optype, category, amount, comment 
FROM 
    Actions_log
ORDER BY
    action_datetime desc
LIMIT
    60;
15:44:49.817 general_logger DEBUG (('id', None, None, None, None, None, None), ('action_datetime', None, None, None, None, None, None), ('optype', None, None, None, None, None, None), ('category', None, None, None, None, None, None), ('amount', None, None, None, None, None, None), ('comment', None, None, None, None, None, None))
15:44:49.817 general_logger DEBUG Запрос вернул 60 кортежей.
15:44:49.817 general_logger INFO SQL-скрипт выполнен.
15:44:49.818 general_logger DEBUG Главная форма приложения инициализирована.
15:44:49.918 general_logger INFO Приложение готово к работе.
15:44:55.174 general_logger DEBUG Закрытие главной формы приложения.
15:44:55.175 general_logger DEBUG Освобождение ресурсов формы...
15:44:56.252 general_logger DEBUG Значения внутренних переменных по итогу программы:
15:44:56.252 general_logger DEBUG LOCAL_VARS
15:44:56.252 general_logger DEBUG conf_path=./config.cfg;help_path=./help/help.html;log_dir=./logs/;report_dir=./reports/;db_tables={'Actions_log': ['id', 'action_datetime', 'optype', 'category', 'amount', 'comment'], 'Categories': ['cat_name', 'optype'], 'Operations': ['op_name']};RU_db_tables={'Actions_log': ['№', 'Когда', 'Тип', 'Категория', 'Сумма', 'Заметка'], 'Categories': [], 'Operations': []};table_states=['view', 'edit'];RU_table_states=['Просмотр', 'Редактирование'];last_err_code=0
15:44:56.252 general_logger DEBUG CONFIG
15:44:56.253 general_logger DEBUG db_path=D:\Project\YL1\opdb.db;def_btn1=100;def_btn2=150;def_btn3=300;def_btn4=500;def_btn5=1000;def_btn6=1500
15:44:56.253 general_logger DEBUG CONTROLS
15:44:56.253 general_logger DEBUG env=<scripts.environment.Environment object at 0x000001B45D85D3D0>;db_bus=<scripts.db_dialer.DBDialer object at 0x000001B45D8D0650>
15:44:56.253 general_logger INFO Код выхода: 0
15:45:27.199 general_logger INFO ===========================================
15:45:27.199 general_logger INFO Запись начата.
15:45:27.199 general_logger INFO ===========================================
15:45:27.199 general_logger DEBUG Перечисление кодов ошибок:
15:45:27.199 general_logger DEBUG 0=OK;1=File not found.;2=Not enough permissions in file system.;3=Inconsistent configuration.;4=Incorrect config value.;5=Incorrect report file extenson;255=General error.
15:45:27.199 general_logger DEBUG Включено масштабирование высокого разрешения.
15:45:27.199 general_logger DEBUG Используются пиксельные карты высокого разрешения.
15:45:27.208 general_logger INFO Инициализирован экзеспляр приложения.
15:45:27.208 general_logger DEBUG Настроен перехват внутренних событий PyQt.
15:45:27.208 general_logger INFO Поиск файла конфигурации...
15:45:27.208 general_logger INFO Файл конфигурации обнаружен.
15:45:27.208 general_logger DEBUG Загрузка конфигурации...
15:45:27.208 general_logger DEBUG Файл конфигурации загружен.
15:45:27.208 general_logger DEBUG Чтение конфигурации...
15:45:27.208 general_logger INFO Конфигурация загружена.
15:45:27.208 general_logger INFO Поиск файла базы данных...
15:45:27.208 general_logger DEBUG Error code: 1 - File not found.
15:45:27.208 general_logger WARNING Файл базы данных не обнаружен.
15:45:28.344 general_logger DEBUG Создание файла базы...
15:45:28.344 general_logger INFO Файл базы данных успешно создан.
15:45:28.344 general_logger INFO Поиск DDL-скрипта базы данных..
15:45:28.344 general_logger DEBUG path=D:\Project\YL1\__build\sql\ddl.sql
15:45:28.344 general_logger INFO DDL-скрипт обнаружен.
15:45:28.344 general_logger INFO Исполнение DDL-скрипта базы данных..
15:45:28.350 general_logger DEBUG Готовится SQL-запрос...
15:45:28.350 general_logger DEBUG SQL:CREATE TABLE Operations (op_name TEXT PRIMARY KEY UNIQUE NOT NULL);

15:45:28.355 general_logger DEBUG None
15:45:28.355 general_logger DEBUG Готовится SQL-запрос...
15:45:28.356 general_logger DEBUG SQL:CREATE TABLE Categories (cat_name TEXT PRIMARY KEY UNIQUE NOT NULL, optype TEXT REFERENCES Operations (op_name) ON DELETE SET NULL ON UPDATE CASCADE);

15:45:28.360 general_logger DEBUG None
15:45:28.361 general_logger DEBUG Готовится SQL-запрос...
15:45:28.361 general_logger DEBUG SQL:CREATE TABLE Actions_log (id INTEGER PRIMARY KEY UNIQUE NOT NULL,action_datetime DATETIME NOT NULL,optype TEXT REFERENCES Operations (op_name) ON DELETE SET NULL ON UPDATE CASCADE,category TEXT REFERENCES Categories (cat_name) ON DELETE SET NULL ON UPDATE CASCADE,amount REAL (16, 2) NOT NULL,comment TEXT);
15:45:28.365 general_logger DEBUG None
15:45:28.365 general_logger INFO DLL-скрипт выполнен.
15:45:28.365 general_logger INFO Инициализация главной формы приложения...
15:45:28.365 general_logger DEBUG Создан экземпляр #2544827511952-<class 'forms.main_form_form.MainFormIf'>
15:45:28.379 general_logger DEBUG Инициализация формы настроек.
15:45:28.379 general_logger DEBUG Создан экземпляр #2544829555344-<class 'forms.settings_form_form.SettingsFormIf'>
15:45:28.385 general_logger DEBUG Настройки программы загружены в форму конфигурации.
15:45:28.385 general_logger DEBUG Форма настроек приложения инициализирована.
15:45:28.385 general_logger DEBUG Создан экземпляр #2544829559232-<class 'forms.edit_fields_form_form.EditFieldsFormIf'>
15:45:28.386 general_logger INFO Поиск SQL-скрипта..
15:45:28.386 general_logger DEBUG path=D:\Project\YL1\__build\sql\get_all_operations.sql
15:45:28.386 general_logger INFO SQL-скрипт обнаружен.
15:45:28.386 general_logger INFO Исполнение SQL-скрипта базы данных..
15:45:28.386 general_logger DEBUG Готовится SQL-запрос...
15:45:28.386 general_logger DEBUG SQL:SELECT 
    op_name
FROM 
    Operations;

15:45:28.386 general_logger DEBUG (('op_name', None, None, None, None, None, None),)
15:45:28.386 general_logger DEBUG Запрос вернул 0 кортежей.
15:45:28.387 general_logger INFO SQL-скрипт выполнен.
15:45:28.387 general_logger DEBUG Форма редактирования служебных полей приложения инициализирована.
15:45:28.387 general_logger DEBUG Загрузка последних записей.
15:45:28.387 general_logger INFO Поиск SQL-скрипта..
15:45:28.387 general_logger DEBUG path=D:\Project\YL1\__build\sql\get_all_operations.sql
15:45:28.387 general_logger INFO SQL-скрипт обнаружен.
15:45:28.387 general_logger INFO Исполнение SQL-скрипта базы данных..
15:45:28.387 general_logger DEBUG Готовится SQL-запрос...
15:45:28.387 general_logger DEBUG SQL:SELECT 
    op_name
FROM 
    Operations;

15:45:28.387 general_logger DEBUG (('op_name', None, None, None, None, None, None),)
15:45:28.387 general_logger DEBUG Запрос вернул 0 кортежей.
15:45:28.387 general_logger INFO SQL-скрипт выполнен.
15:45:28.387 general_logger INFO Поиск SQL-скрипта..
15:45:28.387 general_logger DEBUG path=D:\Project\YL1\__build\sql\get_first_x_actions.sql
15:45:28.387 general_logger INFO SQL-скрипт обнаружен.
15:45:28.387 general_logger INFO Исполнение SQL-скрипта базы данных..
15:45:28.387 general_logger DEBUG Готовится SQL-запрос...
15:45:28.387 general_logger DEBUG SQL:SELECT 
    id, action_datetime, optype, category, amount, comment 
FROM 
    Actions_log
ORDER BY
    action_datetime desc
LIMIT
    60;
15:45:28.387 general_logger DEBUG (('id', None, None, None, None, None, None), ('action_datetime', None, None, None, None, None, None), ('optype', None, None, None, None, None, None), ('category', None, None, None, None, None, None), ('amount', None, None, None, None, None, None), ('comment', None, None, None, None, None, None))
15:45:28.387 general_logger DEBUG Запрос вернул 0 кортежей.
15:45:28.387 general_logger INFO SQL-скрипт выполнен.
15:45:28.387 general_logger DEBUG Главная форма приложения инициализирована.
15:45:28.401 general_logger INFO Приложение готово к работе.
15:45:34.343 general_logger DEBUG Открыта форма редактора полей.
15:45:39.374 general_logger DEBUG Закрытие главной формы приложения.
15:45:39.374 general_logger DEBUG Освобождение ресурсов формы...
15:45:43.821 general_logger DEBUG Открыта форма настроек.
15:45:54.873 general_logger INFO Запись конфигурации в буфер..
15:45:54.873 general_logger INFO Сохранение конфигурации в файл..
15:45:54.873 general_logger DEBUG Сохранение значений конфигурации в файл...
15:45:54.874 general_logger INFO Конфигурация успешно записана в файл.
15:45:54.874 general_logger INFO Сохранение новой конфигурации выполнено успешно.
15:45:57.502 general_logger DEBUG Закрытие главной формы приложения.
15:45:57.502 general_logger DEBUG Освобождение ресурсов формы...
15:45:58.551 general_logger DEBUG Значения внутренних переменных по итогу программы:
15:45:58.552 general_logger DEBUG LOCAL_VARS
15:45:58.552 general_logger DEBUG conf_path=./config.cfg;help_path=./help/help.html;log_dir=./logs/;report_dir=./reports/;db_tables={'Actions_log': ['id', 'action_datetime', 'optype', 'category', 'amount', 'comment'], 'Categories': ['cat_name', 'optype'], 'Operations': ['op_name']};RU_db_tables={'Actions_log': ['№', 'Когда', 'Тип', 'Категория', 'Сумма', 'Заметка'], 'Categories': [], 'Operations': []};table_states=['view', 'edit'];RU_table_states=['Просмотр', 'Редактирование'];last_err_code=0
15:45:58.552 general_logger DEBUG CONFIG
15:45:58.552 general_logger DEBUG db_path=D:/Project/YL1/__build/opdb.db;def_btn1=100;def_btn2=150;def_btn3=300;def_btn4=500;def_btn5=1000;def_btn6=1500
15:45:58.553 general_logger DEBUG CONTROLS
15:45:58.553 general_logger DEBUG env=<scripts.environment.Environment object at 0x0000025083A478D0>;db_bus=<scripts.db_dialer.DBDialer object at 0x00000250832A7550>
15:45:58.553 general_logger INFO Код выхода: 0
15:46:00.4 general_logger INFO ===========================================
15:46:00.4 general_logger INFO Запись начата.
15:46:00.4 general_logger INFO ===========================================
15:46:00.4 general_logger DEBUG Перечисление кодов ошибок:
15:46:00.4 general_logger DEBUG 0=OK;1=File not found.;2=Not enough permissions in file system.;3=Inconsistent configuration.;4=Incorrect config value.;5=Incorrect report file extenson;255=General error.
15:46:00.5 general_logger DEBUG Включено масштабирование высокого разрешения.
15:46:00.5 general_logger DEBUG Используются пиксельные карты высокого разрешения.
15:46:00.16 general_logger INFO Инициализирован экзеспляр приложения.
15:46:00.16 general_logger DEBUG Настроен перехват внутренних событий PyQt.
15:46:00.16 general_logger INFO Поиск файла конфигурации...
15:46:00.16 general_logger INFO Файл конфигурации обнаружен.
15:46:00.16 general_logger DEBUG Загрузка конфигурации...
15:46:00.17 general_logger DEBUG Файл конфигурации загружен.
15:46:00.17 general_logger DEBUG Чтение конфигурации...
15:46:00.17 general_logger INFO Конфигурация загружена.
15:46:00.17 general_logger INFO Поиск файла базы данных...
15:46:00.17 general_logger INFO Файл базы данных обнаружен.
15:46:00.17 general_logger DEBUG Открытие файла базы...
15:46:00.17 general_logger DEBUG Чтение базы данных...
15:46:00.17 general_logger DEBUG file=D:\Project\YL1\__build\sql\get_datatables_from_db.sql
15:46:00.17 general_logger DEBUG Запрос к базе...
15:46:00.17 general_logger DEBUG Готовится SQL-запрос...
15:46:00.17 general_logger DEBUG SQL:SELECT 
    name
FROM 
    sqlite_schema
WHERE 
    type ='table' AND 
    name NOT LIKE 'sqlite_%';
15:46:00.18 general_logger DEBUG (('name', None, None, None, None, None, None),)
15:46:00.18 general_logger DEBUG Запрос вернул 3 кортежей.
15:46:00.18 general_logger DEBUG Запрос выполнен.
15:46:00.18 general_logger DEBUG Анализ структуры базы...
15:46:00.18 general_logger DEBUG Таблицы базы соответствуют схеме.
15:46:00.18 general_logger DEBUG file=D:\Project\YL1\__build\sql\get_columns_from_table_template.sql
15:46:00.18 general_logger DEBUG Запрос к базе...
15:46:00.18 general_logger DEBUG Готовится SQL-запрос...
15:46:00.18 general_logger DEBUG SQL:PRAGMA table_info('Actions_log');
15:46:00.18 general_logger DEBUG (('cid', None, None, None, None, None, None), ('name', None, None, None, None, None, None), ('type', None, None, None, None, None, None), ('notnull', None, None, None, None, None, None), ('dflt_value', None, None, None, None, None, None), ('pk', None, None, None, None, None, None))
15:46:00.18 general_logger DEBUG Запрос вернул 6 кортежей.
15:46:00.18 general_logger DEBUG Запрос выполнен.
15:46:00.18 general_logger DEBUG Анализ структуры таблицы Actions_log...
15:46:00.18 general_logger DEBUG Таблица Actions_log структурирована верно.
15:46:00.18 general_logger DEBUG Запрос к базе...
15:46:00.18 general_logger DEBUG Готовится SQL-запрос...
15:46:00.18 general_logger DEBUG SQL:PRAGMA table_info('Categories');
15:46:00.18 general_logger DEBUG (('cid', None, None, None, None, None, None), ('name', None, None, None, None, None, None), ('type', None, None, None, None, None, None), ('notnull', None, None, None, None, None, None), ('dflt_value', None, None, None, None, None, None), ('pk', None, None, None, None, None, None))
15:46:00.18 general_logger DEBUG Запрос вернул 2 кортежей.
15:46:00.18 general_logger DEBUG Запрос выполнен.
15:46:00.18 general_logger DEBUG Анализ структуры таблицы Categories...
15:46:00.18 general_logger DEBUG Таблица Categories структурирована верно.
15:46:00.18 general_logger DEBUG Запрос к базе...
15:46:00.18 general_logger DEBUG Готовится SQL-запрос...
15:46:00.18 general_logger DEBUG SQL:PRAGMA table_info('Operations');
15:46:00.18 general_logger DEBUG (('cid', None, None, None, None, None, None), ('name', None, None, None, None, None, None), ('type', None, None, None, None, None, None), ('notnull', None, None, None, None, None, None), ('dflt_value', None, None, None, None, None, None), ('pk', None, None, None, None, None, None))
15:46:00.18 general_logger DEBUG Запрос вернул 1 кортежей.
15:46:00.18 general_logger DEBUG Запрос выполнен.
15:46:00.18 general_logger DEBUG Анализ структуры таблицы Operations...
15:46:00.18 general_logger DEBUG Таблица Operations структурирована верно.
15:46:00.18 general_logger DEBUG Все таблицы структурированы верно.
15:46:00.18 general_logger INFO База данных загружена.
15:46:00.18 general_logger INFO Инициализация главной формы приложения...
15:46:00.19 general_logger DEBUG Создан экземпляр #2545644908416-<class 'forms.main_form_form.MainFormIf'>
15:46:00.125 general_logger DEBUG Инициализация формы настроек.
15:46:00.125 general_logger DEBUG Создан экземпляр #2545646949504-<class 'forms.settings_form_form.SettingsFormIf'>
15:46:00.132 general_logger DEBUG Настройки программы загружены в форму конфигурации.
15:46:00.132 general_logger DEBUG Форма настроек приложения инициализирована.
15:46:00.132 general_logger DEBUG Создан экземпляр #2545646953392-<class 'forms.edit_fields_form_form.EditFieldsFormIf'>
15:46:00.132 general_logger INFO Поиск SQL-скрипта..
15:46:00.133 general_logger DEBUG path=D:\Project\YL1\__build\sql\get_all_operations.sql
15:46:00.133 general_logger INFO SQL-скрипт обнаружен.
15:46:00.133 general_logger INFO Исполнение SQL-скрипта базы данных..
15:46:00.133 general_logger DEBUG Готовится SQL-запрос...
15:46:00.133 general_logger DEBUG SQL:SELECT 
    op_name
FROM 
    Operations;

15:46:00.133 general_logger DEBUG (('op_name', None, None, None, None, None, None),)
15:46:00.133 general_logger DEBUG Запрос вернул 2 кортежей.
15:46:00.133 general_logger INFO SQL-скрипт выполнен.
15:46:00.133 general_logger DEBUG Форма редактирования служебных полей приложения инициализирована.
15:46:00.133 general_logger DEBUG Загрузка последних записей.
15:46:00.133 general_logger INFO Поиск SQL-скрипта..
15:46:00.133 general_logger DEBUG path=D:\Project\YL1\__build\sql\get_all_operations.sql
15:46:00.133 general_logger INFO SQL-скрипт обнаружен.
15:46:00.133 general_logger INFO Исполнение SQL-скрипта базы данных..
15:46:00.133 general_logger DEBUG Готовится SQL-запрос...
15:46:00.133 general_logger DEBUG SQL:SELECT 
    op_name
FROM 
    Operations;

15:46:00.133 general_logger DEBUG (('op_name', None, None, None, None, None, None),)
15:46:00.133 general_logger DEBUG Запрос вернул 2 кортежей.
15:46:00.133 general_logger INFO SQL-скрипт выполнен.
15:46:00.133 general_logger INFO Поиск SQL-скрипта..
15:46:00.133 general_logger DEBUG path=D:\Project\YL1\__build\sql\get_cats_of_operation.sql
15:46:00.133 general_logger INFO SQL-скрипт обнаружен.
15:46:00.133 general_logger INFO Исполнение SQL-скрипта базы данных..
15:46:00.133 general_logger DEBUG Готовится SQL-запрос...
15:46:00.133 general_logger DEBUG SQL:SELECT 
    cat_name
FROM 
    Categories
WHERE
    optype = ?;

15:46:00.133 general_logger DEBUG (('cat_name', None, None, None, None, None, None),)
15:46:00.133 general_logger DEBUG Запрос вернул 9 кортежей.
15:46:00.134 general_logger INFO Поиск SQL-скрипта..
15:46:00.134 general_logger DEBUG path=D:\Project\YL1\__build\sql\get_first_x_actions.sql
15:46:00.134 general_logger INFO SQL-скрипт обнаружен.
15:46:00.134 general_logger INFO Исполнение SQL-скрипта базы данных..
15:46:00.134 general_logger DEBUG Готовится SQL-запрос...
15:46:00.134 general_logger DEBUG SQL:SELECT 
    id, action_datetime, optype, category, amount, comment 
FROM 
    Actions_log
ORDER BY
    action_datetime desc
LIMIT
    60;
15:46:00.135 general_logger DEBUG (('id', None, None, None, None, None, None), ('action_datetime', None, None, None, None, None, None), ('optype', None, None, None, None, None, None), ('category', None, None, None, None, None, None), ('amount', None, None, None, None, None, None), ('comment', None, None, None, None, None, None))
15:46:00.135 general_logger DEBUG Запрос вернул 60 кортежей.
15:46:00.135 general_logger INFO SQL-скрипт выполнен.
15:46:00.135 general_logger DEBUG Главная форма приложения инициализирована.
15:46:00.215 general_logger INFO Приложение готово к работе.
15:46:02.639 general_logger DEBUG Открыта форма настроек.
15:46:06.431 general_logger DEBUG Закрытие главной формы приложения.
15:46:06.431 general_logger DEBUG Освобождение ресурсов формы...
15:46:07.429 general_logger DEBUG Значения внутренних переменных по итогу программы:
15:46:07.429 general_logger DEBUG LOCAL_VARS
15:46:07.429 general_logger DEBUG conf_path=./config.cfg;help_path=./help/help.html;log_dir=./logs/;report_dir=./reports/;db_tables={'Actions_log': ['id', 'action_datetime', 'optype', 'category', 'amount', 'comment'], 'Categories': ['cat_name', 'optype'], 'Operations': ['op_name']};RU_db_tables={'Actions_log': ['№', 'Когда', 'Тип', 'Категория', 'Сумма', 'Заметка'], 'Categories': [], 'Operations': []};table_states=['view', 'edit'];RU_table_states=['Просмотр', 'Редактирование'];last_err_code=0
15:46:07.429 general_logger DEBUG CONFIG
15:46:07.429 general_logger DEBUG db_path=D:/Project/YL1/__build/opdb.db;def_btn1=100;def_btn2=150;def_btn3=300;def_btn4=500;def_btn5=1000;def_btn6=1500
15:46:07.429 general_logger DEBUG CONTROLS
15:46:07.430 general_logger DEBUG env=<scripts.environment.Environment object at 0x00000250B45678D0>;db_bus=<scripts.db_dialer.DBDialer object at 0x00000250B46007D0>
15:46:07.430 general_logger INFO Код выхода: 0
